{"level":"info","message":"App is listening on url http://localhost:8080","timestamp":"2020-11-16T11:59:56.620Z"}
{"level":"info","message":"MongoDb connected successfuly...","timestamp":"2020-11-16T11:59:56.647Z"}
{"level":"info","message":"App is listening on url http://localhost:8080","timestamp":"2020-11-16T12:04:17.325Z"}
{"level":"info","message":"MongoDb connected successfuly...","timestamp":"2020-11-16T12:04:17.345Z"}
{"level":"info","message":"App is listening on url http://localhost:8080","timestamp":"2020-11-16T12:04:31.517Z"}
{"level":"info","message":"MongoDb connected successfuly...","timestamp":"2020-11-16T12:04:31.538Z"}
{"level":"info","message":"App is listening on url http://localhost:8080","timestamp":"2020-11-16T12:04:33.108Z"}
{"level":"info","message":"MongoDb connected successfuly...","timestamp":"2020-11-16T12:04:33.124Z"}
{"level":"info","message":"App is listening on url http://localhost:8080","timestamp":"2020-11-16T12:04:38.279Z"}
{"level":"info","message":"MongoDb connected successfuly...","timestamp":"2020-11-16T12:04:38.320Z"}
{"level":"info","message":"App is listening on url http://localhost:8080","timestamp":"2020-11-16T12:04:40.293Z"}
{"level":"info","message":"MongoDb connected successfuly...","timestamp":"2020-11-16T12:04:40.323Z"}
{"level":"info","message":"App is listening on url http://localhost:8080","timestamp":"2020-11-16T12:04:42.074Z"}
{"level":"info","message":"MongoDb connected successfuly...","timestamp":"2020-11-16T12:04:42.091Z"}
{"level":"info","message":"App is listening on url http://localhost:8080","timestamp":"2020-11-16T12:04:46.594Z"}
{"level":"info","message":"MongoDb connected successfuly...","timestamp":"2020-11-16T12:04:46.617Z"}
{"level":"info","message":"App is listening on url http://localhost:8080","timestamp":"2020-11-16T12:04:48.319Z"}
{"level":"info","message":"MongoDb connected successfuly...","timestamp":"2020-11-16T12:04:48.340Z"}
{"level":"info","message":"App is listening on url http://localhost:8080","timestamp":"2020-11-16T12:04:50.697Z"}
{"level":"info","message":"MongoDb connected successfuly...","timestamp":"2020-11-16T12:04:50.735Z"}
{"level":"info","message":"App is listening on url http://localhost:8080","timestamp":"2020-11-16T12:04:53.103Z"}
{"level":"info","message":"MongoDb connected successfuly...","timestamp":"2020-11-16T12:04:53.124Z"}
{"level":"info","message":"App is listening on url http://localhost:8080","timestamp":"2020-11-16T12:07:46.843Z"}
{"level":"info","message":"MongoDb connected successfuly...","timestamp":"2020-11-16T12:07:46.861Z"}
{"level":"info","message":"App is listening on url http://localhost:8080","timestamp":"2020-11-16T12:07:48.932Z"}
{"level":"info","message":"MongoDb connected successfuly...","timestamp":"2020-11-16T12:07:48.965Z"}
{"level":"info","message":"App is listening on url http://localhost:8080","timestamp":"2020-11-16T12:08:56.366Z"}
{"level":"info","message":"MongoDb connected successfuly...","timestamp":"2020-11-16T12:08:56.384Z"}
{"level":"info","message":"App is listening on url http://localhost:8080","timestamp":"2020-11-16T12:11:10.943Z"}
{"level":"info","message":"MongoDb connected successfuly...","timestamp":"2020-11-16T12:11:10.960Z"}
{"level":"info","message":"App is listening on url http://localhost:8080","timestamp":"2020-11-16T12:11:28.909Z"}
{"level":"info","message":"MongoDb connected successfuly...","timestamp":"2020-11-16T12:11:28.948Z"}
{"level":"info","message":"App is listening on url http://localhost:8080","timestamp":"2020-11-16T12:11:30.804Z"}
{"level":"info","message":"MongoDb connected successfuly...","timestamp":"2020-11-16T12:11:30.822Z"}
{"level":"info","message":"App is listening on url http://localhost:8080","timestamp":"2020-11-16T12:11:47.459Z"}
{"level":"info","message":"MongoDb connected successfuly...","timestamp":"2020-11-16T12:11:47.479Z"}
{"level":"info","message":"App is listening on url http://localhost:8080","timestamp":"2020-11-16T12:11:50.695Z"}
{"level":"info","message":"MongoDb connected successfuly...","timestamp":"2020-11-16T12:11:50.711Z"}
{"level":"info","message":"App is listening on url http://localhost:8080","timestamp":"2020-11-16T12:11:59.681Z"}
{"level":"info","message":"MongoDb connected successfuly...","timestamp":"2020-11-16T12:11:59.704Z"}
{"level":"info","message":"App is listening on url http://localhost:8080","timestamp":"2020-11-16T12:12:02.772Z"}
{"level":"info","message":"MongoDb connected successfuly...","timestamp":"2020-11-16T12:12:02.790Z"}
{"level":"info","message":"App is listening on url http://localhost:8080","timestamp":"2020-11-16T12:12:14.798Z"}
{"level":"info","message":"MongoDb connected successfuly...","timestamp":"2020-11-16T12:12:14.818Z"}
{"level":"info","message":"App is listening on url http://localhost:8080","timestamp":"2020-11-16T12:12:19.830Z"}
{"level":"info","message":"MongoDb connected successfuly...","timestamp":"2020-11-16T12:12:19.866Z"}
{"level":"info","message":"App is listening on url http://localhost:8080","timestamp":"2020-11-16T12:12:27.858Z"}
{"level":"info","message":"MongoDb connected successfuly...","timestamp":"2020-11-16T12:12:27.887Z"}
{"level":"info","message":"App is listening on url http://localhost:8080","timestamp":"2020-11-16T12:12:51.708Z"}
{"level":"info","message":"MongoDb connected successfuly...","timestamp":"2020-11-16T12:12:51.725Z"}
{"level":"info","message":"App is listening on url http://localhost:8080","timestamp":"2020-11-16T12:12:53.914Z"}
{"level":"info","message":"MongoDb connected successfuly...","timestamp":"2020-11-16T12:12:53.931Z"}
{"level":"info","message":"App is listening on url http://localhost:8080","timestamp":"2020-11-16T12:13:01.178Z"}
{"level":"info","message":"MongoDb connected successfuly...","timestamp":"2020-11-16T12:13:01.197Z"}
{"level":"info","message":"App is listening on url http://localhost:8080","timestamp":"2020-11-16T12:13:11.546Z"}
{"level":"info","message":"MongoDb connected successfuly...","timestamp":"2020-11-16T12:13:11.566Z"}
{"level":"info","message":"App is listening on url http://localhost:8080","timestamp":"2020-11-16T12:13:20.510Z"}
{"level":"info","message":"MongoDb connected successfuly...","timestamp":"2020-11-16T12:13:20.530Z"}
{"level":"info","message":"App is listening on url http://localhost:8080","timestamp":"2020-11-16T12:13:34.071Z"}
{"level":"info","message":"MongoDb connected successfuly...","timestamp":"2020-11-16T12:13:34.092Z"}
{"level":"info","message":"App is listening on url http://localhost:8080","timestamp":"2020-11-16T12:13:55.698Z"}
{"level":"info","message":"MongoDb connected successfuly...","timestamp":"2020-11-16T12:13:55.719Z"}
{"level":"info","message":"App is listening on url http://localhost:8080","timestamp":"2020-11-16T12:14:03.972Z"}
{"level":"info","message":"MongoDb connected successfuly...","timestamp":"2020-11-16T12:14:03.992Z"}
{"level":"info","message":"App is listening on url http://localhost:8080","timestamp":"2020-11-16T12:14:07.188Z"}
{"level":"info","message":"MongoDb connected successfuly...","timestamp":"2020-11-16T12:14:07.215Z"}
{"level":"info","message":"App is listening on url http://localhost:8080","timestamp":"2020-11-16T12:14:13.065Z"}
{"level":"info","message":"MongoDb connected successfuly...","timestamp":"2020-11-16T12:14:13.104Z"}
{"level":"info","message":"App is listening on url http://localhost:8080","timestamp":"2020-11-16T12:14:16.523Z"}
{"level":"info","message":"MongoDb connected successfuly...","timestamp":"2020-11-16T12:14:16.540Z"}
{"level":"info","message":"App is listening on url http://localhost:8080","timestamp":"2020-11-16T12:14:17.712Z"}
{"level":"info","message":"MongoDb connected successfuly...","timestamp":"2020-11-16T12:14:17.736Z"}
{"level":"info","message":"App is listening on url http://localhost:8080","timestamp":"2020-11-16T12:14:28.509Z"}
{"level":"info","message":"MongoDb connected successfuly...","timestamp":"2020-11-16T12:14:28.537Z"}
{"level":"info","message":"App is listening on url http://localhost:8080","timestamp":"2020-11-16T12:14:31.391Z"}
{"level":"info","message":"MongoDb connected successfuly...","timestamp":"2020-11-16T12:14:31.411Z"}
{"level":"info","message":"App is listening on url http://localhost:8080","timestamp":"2020-11-16T12:14:37.388Z"}
{"level":"info","message":"MongoDb connected successfuly...","timestamp":"2020-11-16T12:14:37.407Z"}
{"level":"info","message":"App is listening on url http://localhost:8080","timestamp":"2020-11-16T12:14:48.747Z"}
{"level":"info","message":"MongoDb connected successfuly...","timestamp":"2020-11-16T12:14:48.766Z"}
{"level":"info","message":"App is listening on url http://localhost:8080","timestamp":"2020-11-16T12:14:50.726Z"}
{"level":"info","message":"MongoDb connected successfuly...","timestamp":"2020-11-16T12:14:50.746Z"}
{"level":"info","message":"App is listening on url http://localhost:8080","timestamp":"2020-11-16T12:14:53.340Z"}
{"level":"info","message":"MongoDb connected successfuly...","timestamp":"2020-11-16T12:14:53.364Z"}
{"message":"db already exists with different case already have: [customerdb] trying to create [customerDB]","stack":"MongoError: db already exists with different case already have: [customerdb] trying to create [customerDB]\n    at Function.create (E:\\channeldata\\programmings\\node-mongo-mvc-crud\\node_modules\\mongodb\\lib\\core\\error.js:57:12)\n    at toError (E:\\channeldata\\programmings\\node-mongo-mvc-crud\\node_modules\\mongodb\\lib\\utils.js:123:22)\n    at E:\\channeldata\\programmings\\node-mongo-mvc-crud\\node_modules\\mongodb\\lib\\operations\\common_functions.js:265:39\n    at handler (E:\\channeldata\\programmings\\node-mongo-mvc-crud\\node_modules\\mongodb\\lib\\core\\sdam\\topology.js:942:24)\n    at E:\\channeldata\\programmings\\node-mongo-mvc-crud\\node_modules\\mongodb\\lib\\cmap\\connection_pool.js:350:13\n    at handleOperationResult (E:\\channeldata\\programmings\\node-mongo-mvc-crud\\node_modules\\mongodb\\lib\\core\\sdam\\server.js:558:5)\n    at MessageStream.messageHandler (E:\\channeldata\\programmings\\node-mongo-mvc-crud\\node_modules\\mongodb\\lib\\cmap\\connection.js:277:5)\n    at MessageStream.emit (events.js:311:20)\n    at processIncomingData (E:\\channeldata\\programmings\\node-mongo-mvc-crud\\node_modules\\mongodb\\lib\\cmap\\message_stream.js:144:12)\n    at MessageStream._write (E:\\channeldata\\programmings\\node-mongo-mvc-crud\\node_modules\\mongodb\\lib\\cmap\\message_stream.js:42:5)\n    at doWrite (_stream_writable.js:441:12)\n    at writeOrBuffer (_stream_writable.js:425:5)\n    at MessageStream.Writable.write (_stream_writable.js:316:11)\n    at Socket.ondata (_stream_readable.js:714:22)\n    at Socket.emit (events.js:311:20)\n    at addChunk (_stream_readable.js:294:12)","driver":true,"name":"MongoError","index":0,"code":13297,"level":"error","timestamp":"2020-11-16T12:16:47.930Z"}
{"level":"info","message":"App is listening on url http://localhost:8080","timestamp":"2020-11-16T12:18:21.418Z"}
{"level":"info","message":"MongoDb connected successfuly...","timestamp":"2020-11-16T12:18:21.437Z"}
{"message":"db already exists with different case already have: [customerdb] trying to create [customerDB]","stack":"MongoError: db already exists with different case already have: [customerdb] trying to create [customerDB]\n    at Function.create (E:\\channeldata\\programmings\\node-mongo-mvc-crud\\node_modules\\mongodb\\lib\\core\\error.js:57:12)\n    at toError (E:\\channeldata\\programmings\\node-mongo-mvc-crud\\node_modules\\mongodb\\lib\\utils.js:123:22)\n    at E:\\channeldata\\programmings\\node-mongo-mvc-crud\\node_modules\\mongodb\\lib\\operations\\common_functions.js:265:39\n    at handler (E:\\channeldata\\programmings\\node-mongo-mvc-crud\\node_modules\\mongodb\\lib\\core\\sdam\\topology.js:942:24)\n    at E:\\channeldata\\programmings\\node-mongo-mvc-crud\\node_modules\\mongodb\\lib\\cmap\\connection_pool.js:350:13\n    at handleOperationResult (E:\\channeldata\\programmings\\node-mongo-mvc-crud\\node_modules\\mongodb\\lib\\core\\sdam\\server.js:558:5)\n    at MessageStream.messageHandler (E:\\channeldata\\programmings\\node-mongo-mvc-crud\\node_modules\\mongodb\\lib\\cmap\\connection.js:277:5)\n    at MessageStream.emit (events.js:311:20)\n    at processIncomingData (E:\\channeldata\\programmings\\node-mongo-mvc-crud\\node_modules\\mongodb\\lib\\cmap\\message_stream.js:144:12)\n    at MessageStream._write (E:\\channeldata\\programmings\\node-mongo-mvc-crud\\node_modules\\mongodb\\lib\\cmap\\message_stream.js:42:5)\n    at doWrite (_stream_writable.js:441:12)\n    at writeOrBuffer (_stream_writable.js:425:5)\n    at MessageStream.Writable.write (_stream_writable.js:316:11)\n    at Socket.ondata (_stream_readable.js:714:22)\n    at Socket.emit (events.js:311:20)\n    at addChunk (_stream_readable.js:294:12)","driver":true,"name":"MongoError","index":0,"code":13297,"level":"error","timestamp":"2020-11-16T12:18:35.521Z"}
{"level":"info","message":"App is listening on url http://localhost:8080","timestamp":"2020-11-16T12:19:33.319Z"}
{"level":"info","message":"MongoDb connected successfuly...","timestamp":"2020-11-16T12:19:33.337Z"}
{"level":"info","message":"App is listening on url http://localhost:8080","timestamp":"2020-11-16T12:19:36.541Z"}
{"level":"info","message":"MongoDb connected successfuly...","timestamp":"2020-11-16T12:19:36.558Z"}
{"level":"info","message":"App is listening on url http://localhost:8080","timestamp":"2020-11-16T12:22:02.451Z"}
{"level":"info","message":"MongoDb connected successfuly...","timestamp":"2020-11-16T12:22:02.471Z"}
{"level":"info","message":"App is listening on url http://localhost:8080","timestamp":"2020-11-16T12:22:14.459Z"}
{"level":"info","message":"MongoDb connected successfuly...","timestamp":"2020-11-16T12:22:14.479Z"}
{"level":"info","message":"App is listening on url http://localhost:8080","timestamp":"2020-11-16T12:22:16.073Z"}
{"level":"info","message":"MongoDb connected successfuly...","timestamp":"2020-11-16T12:22:16.091Z"}
{"level":"info","message":"App is listening on url http://localhost:8080","timestamp":"2020-11-16T12:22:18.896Z"}
{"level":"info","message":"MongoDb connected successfuly...","timestamp":"2020-11-16T12:22:18.924Z"}
{"level":"info","message":"App is listening on url http://localhost:8080","timestamp":"2020-11-16T12:22:21.420Z"}
{"level":"info","message":"MongoDb connected successfuly...","timestamp":"2020-11-16T12:22:21.440Z"}
{"level":"info","message":"App is listening on url http://localhost:8080","timestamp":"2020-11-16T12:22:34.697Z"}
{"level":"info","message":"MongoDb connected successfuly...","timestamp":"2020-11-16T12:22:34.719Z"}
{"level":"info","message":"App is listening on url http://localhost:8080","timestamp":"2020-11-16T12:22:43.685Z"}
{"level":"info","message":"MongoDb connected successfuly...","timestamp":"2020-11-16T12:22:43.702Z"}
{"level":"info","message":"App is listening on url http://localhost:8080","timestamp":"2020-11-16T12:23:09.794Z"}
{"level":"info","message":"MongoDb connected successfuly...","timestamp":"2020-11-16T12:23:09.812Z"}
{"level":"info","message":"App is listening on url http://localhost:8080","timestamp":"2020-11-16T12:23:14.217Z"}
{"level":"info","message":"MongoDb connected successfuly...","timestamp":"2020-11-16T12:23:14.236Z"}
{"level":"info","message":"App is listening on url http://localhost:8080","timestamp":"2020-11-16T12:23:16.424Z"}
{"level":"info","message":"MongoDb connected successfuly...","timestamp":"2020-11-16T12:23:16.442Z"}
{"level":"info","message":"App is listening on url http://localhost:8080","timestamp":"2020-11-16T12:23:18.084Z"}
{"level":"info","message":"MongoDb connected successfuly...","timestamp":"2020-11-16T12:23:18.111Z"}
{"level":"info","message":"App is listening on url http://localhost:8080","timestamp":"2020-11-16T12:23:21.021Z"}
{"level":"info","message":"MongoDb connected successfuly...","timestamp":"2020-11-16T12:23:21.087Z"}
{"level":"info","message":"App is listening on url http://localhost:8080","timestamp":"2020-11-16T12:23:26.375Z"}
{"level":"info","message":"MongoDb connected successfuly...","timestamp":"2020-11-16T12:23:26.410Z"}
{"level":"info","message":"App is listening on url http://localhost:8080","timestamp":"2020-11-16T12:23:28.858Z"}
{"level":"info","message":"MongoDb connected successfuly...","timestamp":"2020-11-16T12:23:28.875Z"}
{"level":"info","message":"App is listening on url http://localhost:8080","timestamp":"2020-11-16T12:23:35.187Z"}
{"level":"info","message":"MongoDb connected successfuly...","timestamp":"2020-11-16T12:23:35.204Z"}
{"level":"info","message":"App is listening on url http://localhost:8080","timestamp":"2020-11-16T12:23:39.773Z"}
{"level":"info","message":"MongoDb connected successfuly...","timestamp":"2020-11-16T12:23:39.792Z"}
{"level":"info","message":"App is listening on url http://localhost:8080","timestamp":"2020-11-16T12:23:42.136Z"}
{"level":"info","message":"MongoDb connected successfuly...","timestamp":"2020-11-16T12:23:42.162Z"}
{"level":"info","message":"App is listening on url http://localhost:8080","timestamp":"2020-11-16T12:23:46.876Z"}
{"level":"info","message":"MongoDb connected successfuly...","timestamp":"2020-11-16T12:23:46.898Z"}
{"level":"info","message":"App is listening on url http://localhost:8080","timestamp":"2020-11-16T12:23:49.866Z"}
{"level":"info","message":"MongoDb connected successfuly...","timestamp":"2020-11-16T12:23:49.884Z"}
{"level":"info","message":"App is listening on url http://localhost:8080","timestamp":"2020-11-16T12:23:56.232Z"}
{"level":"info","message":"MongoDb connected successfuly...","timestamp":"2020-11-16T12:23:56.248Z"}
{"level":"info","message":"App is listening on url http://localhost:8080","timestamp":"2020-11-16T12:24:08.154Z"}
{"level":"info","message":"MongoDb connected successfuly...","timestamp":"2020-11-16T12:24:08.173Z"}
{"level":"info","message":"App is listening on url http://localhost:8080","timestamp":"2020-11-16T12:24:09.486Z"}
{"level":"info","message":"MongoDb connected successfuly...","timestamp":"2020-11-16T12:24:09.507Z"}
{"level":"info","message":"App is listening on url http://localhost:8080","timestamp":"2020-11-16T12:24:10.660Z"}
{"level":"info","message":"MongoDb connected successfuly...","timestamp":"2020-11-16T12:24:10.678Z"}
{"level":"info","message":"App is listening on url http://localhost:8080","timestamp":"2020-11-16T12:24:19.744Z"}
{"level":"info","message":"MongoDb connected successfuly...","timestamp":"2020-11-16T12:24:19.765Z"}
{"level":"info","message":"App is listening on url http://localhost:8080","timestamp":"2020-11-16T12:24:26.463Z"}
{"level":"info","message":"MongoDb connected successfuly...","timestamp":"2020-11-16T12:24:26.482Z"}
{"level":"info","message":"App is listening on url http://localhost:8080","timestamp":"2020-11-16T12:24:27.681Z"}
{"level":"info","message":"MongoDb connected successfuly...","timestamp":"2020-11-16T12:24:27.703Z"}
{"level":"info","message":"App is listening on url http://localhost:8080","timestamp":"2020-11-16T12:26:46.621Z"}
{"level":"info","message":"MongoDb connected successfuly...","timestamp":"2020-11-16T12:26:46.639Z"}
{"level":"info","message":"App is listening on url http://localhost:8080","timestamp":"2020-11-16T12:26:47.582Z"}
{"level":"info","message":"MongoDb connected successfuly...","timestamp":"2020-11-16T12:26:47.599Z"}
{"level":"info","message":"App is listening on url http://localhost:8080","timestamp":"2020-11-16T12:28:06.580Z"}
{"level":"info","message":"MongoDb connected successfuly...","timestamp":"2020-11-16T12:28:06.598Z"}
{"level":"info","message":"App is listening on url http://localhost:8080","timestamp":"2020-11-16T12:28:18.917Z"}
{"level":"info","message":"MongoDb connected successfuly...","timestamp":"2020-11-16T12:28:18.938Z"}
{"level":"info","message":"App is listening on url http://localhost:8080","timestamp":"2020-11-16T12:28:22.874Z"}
{"level":"info","message":"MongoDb connected successfuly...","timestamp":"2020-11-16T12:28:22.893Z"}
{"level":"info","message":"App is listening on url http://localhost:8080","timestamp":"2020-11-16T12:28:24.076Z"}
{"level":"info","message":"MongoDb connected successfuly...","timestamp":"2020-11-16T12:28:24.120Z"}
{"level":"info","message":"App is listening on url http://localhost:8080","timestamp":"2020-11-16T12:34:25.668Z"}
{"level":"info","message":"MongoDb connected successfuly...","timestamp":"2020-11-16T12:34:25.693Z"}
{"level":"info","message":"App is listening on url http://localhost:8080","timestamp":"2020-11-16T12:37:24.008Z"}
{"level":"info","message":"MongoDb connected successfuly...","timestamp":"2020-11-16T12:37:24.025Z"}
{"level":"info","message":"App is listening on url http://localhost:8080","timestamp":"2020-11-16T12:37:47.030Z"}
{"level":"info","message":"MongoDb connected successfuly...","timestamp":"2020-11-16T12:37:47.047Z"}
{"level":"info","message":"App is listening on url http://localhost:8080","timestamp":"2020-11-16T12:37:50.648Z"}
{"level":"info","message":"MongoDb connected successfuly...","timestamp":"2020-11-16T12:37:50.668Z"}
{"level":"info","message":"App is listening on url http://localhost:8080","timestamp":"2020-11-16T12:39:06.614Z"}
{"level":"info","message":"MongoDb connected successfuly...","timestamp":"2020-11-16T12:39:06.632Z"}
{"level":"info","message":"App is listening on url http://localhost:8080","timestamp":"2020-11-16T12:39:18.453Z"}
{"level":"info","message":"MongoDb connected successfuly...","timestamp":"2020-11-16T12:39:18.470Z"}
{"level":"info","message":"App is listening on url http://localhost:8080","timestamp":"2020-11-16T12:39:29.052Z"}
{"level":"info","message":"MongoDb connected successfuly...","timestamp":"2020-11-16T12:39:29.075Z"}
{"level":"info","message":"App is listening on url http://localhost:8080","timestamp":"2020-11-16T12:39:32.080Z"}
{"level":"info","message":"MongoDb connected successfuly...","timestamp":"2020-11-16T12:39:32.098Z"}
{"level":"info","message":"App is listening on url http://localhost:8080","timestamp":"2020-11-16T12:39:38.981Z"}
{"level":"info","message":"MongoDb connected successfuly...","timestamp":"2020-11-16T12:39:39.000Z"}
{"level":"info","message":"App is listening on url http://localhost:8080","timestamp":"2020-11-16T12:39:41.086Z"}
{"level":"info","message":"MongoDb connected successfuly...","timestamp":"2020-11-16T12:39:41.118Z"}
{"level":"info","message":"App is listening on url http://localhost:8080","timestamp":"2020-11-16T12:40:56.423Z"}
{"level":"info","message":"MongoDb connected successfuly...","timestamp":"2020-11-16T12:40:56.446Z"}
{"level":"info","message":"App is listening on url http://localhost:8080","timestamp":"2020-11-16T12:41:04.886Z"}
{"level":"info","message":"MongoDb connected successfuly...","timestamp":"2020-11-16T12:41:04.906Z"}
{"level":"info","message":"App is listening on url http://localhost:8080","timestamp":"2020-11-16T12:41:08.455Z"}
{"level":"info","message":"MongoDb connected successfuly...","timestamp":"2020-11-16T12:41:08.474Z"}
{"level":"info","message":"App is listening on url http://localhost:8080","timestamp":"2020-11-16T12:41:10.090Z"}
{"level":"info","message":"MongoDb connected successfuly...","timestamp":"2020-11-16T12:41:10.108Z"}
{"level":"info","message":"App is listening on url http://localhost:8080","timestamp":"2020-11-16T12:41:12.273Z"}
{"level":"info","message":"MongoDb connected successfuly...","timestamp":"2020-11-16T12:41:12.293Z"}
{"level":"info","message":"App is listening on url http://localhost:8080","timestamp":"2020-11-16T12:41:24.103Z"}
{"level":"info","message":"MongoDb connected successfuly...","timestamp":"2020-11-16T12:41:24.130Z"}
{"level":"info","message":"App is listening on url http://localhost:8080","timestamp":"2020-11-16T12:41:31.509Z"}
{"level":"info","message":"MongoDb connected successfuly...","timestamp":"2020-11-16T12:41:31.527Z"}
{"level":"info","message":"App is listening on url http://localhost:8080","timestamp":"2020-11-16T12:41:59.456Z"}
{"level":"info","message":"MongoDb connected successfuly...","timestamp":"2020-11-16T12:41:59.495Z"}
{"level":"info","message":"App is listening on url http://localhost:8080","timestamp":"2020-11-16T12:42:02.247Z"}
{"level":"info","message":"MongoDb connected successfuly...","timestamp":"2020-11-16T12:42:02.264Z"}
{"level":"info","message":"App is listening on url http://localhost:8080","timestamp":"2020-11-16T12:42:05.494Z"}
{"level":"info","message":"MongoDb connected successfuly...","timestamp":"2020-11-16T12:42:05.516Z"}
{"level":"info","message":"App is listening on url http://localhost:8080","timestamp":"2020-11-16T12:42:16.123Z"}
{"level":"info","message":"MongoDb connected successfuly...","timestamp":"2020-11-16T12:42:16.143Z"}
{"level":"info","message":"App is listening on url http://localhost:8080","timestamp":"2020-11-16T12:42:26.763Z"}
{"level":"info","message":"MongoDb connected successfuly...","timestamp":"2020-11-16T12:42:26.781Z"}
{"level":"info","message":"App is listening on url http://localhost:8080","timestamp":"2020-11-16T12:42:28.307Z"}
{"level":"info","message":"MongoDb connected successfuly...","timestamp":"2020-11-16T12:42:28.328Z"}
{"level":"info","message":"App is listening on url http://localhost:8080","timestamp":"2020-11-16T12:42:37.743Z"}
{"level":"info","message":"MongoDb connected successfuly...","timestamp":"2020-11-16T12:42:37.762Z"}
{"level":"info","message":"App is listening on url http://localhost:8080","timestamp":"2020-11-16T12:42:38.871Z"}
{"level":"info","message":"MongoDb connected successfuly...","timestamp":"2020-11-16T12:42:38.890Z"}
{"level":"info","message":"App is listening on url http://localhost:8080","timestamp":"2020-11-16T12:42:40.886Z"}
{"level":"info","message":"MongoDb connected successfuly...","timestamp":"2020-11-16T12:42:40.909Z"}
{"level":"info","message":"App is listening on url http://localhost:8080","timestamp":"2020-11-16T12:42:46.120Z"}
{"level":"info","message":"MongoDb connected successfuly...","timestamp":"2020-11-16T12:42:46.146Z"}
{"level":"info","message":"App is listening on url http://localhost:8080","timestamp":"2020-11-16T12:42:47.616Z"}
{"level":"info","message":"MongoDb connected successfuly...","timestamp":"2020-11-16T12:42:47.633Z"}
{"level":"info","message":"App is listening on url http://localhost:8080","timestamp":"2020-11-16T12:42:49.216Z"}
{"level":"info","message":"MongoDb connected successfuly...","timestamp":"2020-11-16T12:42:49.233Z"}
{"level":"info","message":"App is listening on url http://localhost:8080","timestamp":"2020-11-16T12:43:01.962Z"}
{"level":"info","message":"MongoDb connected successfuly...","timestamp":"2020-11-16T12:43:02.071Z"}
{"level":"info","message":"App is listening on url http://localhost:8080","timestamp":"2020-11-16T12:43:10.627Z"}
{"level":"info","message":"MongoDb connected successfuly...","timestamp":"2020-11-16T12:43:10.648Z"}
{"level":"info","message":"App is listening on url http://localhost:8080","timestamp":"2020-11-16T12:43:25.643Z"}
{"level":"info","message":"MongoDb connected successfuly...","timestamp":"2020-11-16T12:43:25.663Z"}
{"level":"info","message":"App is listening on url http://localhost:8080","timestamp":"2020-11-16T12:43:27.129Z"}
{"level":"info","message":"MongoDb connected successfuly...","timestamp":"2020-11-16T12:43:27.152Z"}
{"level":"info","message":"App is listening on url http://localhost:8080","timestamp":"2020-11-30T15:16:17.874Z"}
{"level":"info","message":"MongoDb connected successfuly...","timestamp":"2020-11-30T15:16:17.898Z"}
{"level":"info","message":"App is listening on url http://localhost:8080","timestamp":"2020-12-09T06:29:06.574Z"}
{"level":"info","message":"MongoDb connected successfuly...","timestamp":"2020-12-09T06:29:06.620Z"}
{"level":"info","message":"App is listening on url http://localhost:8080","timestamp":"2021-02-18T08:31:03.273Z"}
{"level":"info","message":"MongoDb connected successfuly...","timestamp":"2021-02-18T08:31:03.315Z"}
{"level":"info","message":"App is listening on url http://localhost:8080","timestamp":"2022-02-14T13:10:36.042Z"}
{"level":"info","message":"MongoDb connected successfuly...","timestamp":"2022-02-14T13:10:36.060Z"}
{"level":"info","message":"App is listening on url http://localhost:8080","timestamp":"2022-02-14T13:10:58.226Z"}
{"level":"info","message":"MongoDb connected successfuly...","timestamp":"2022-02-14T13:10:58.244Z"}
{"message":"validate is not defined","stack":"ReferenceError: validate is not defined\n    at updateCustomer (D:\\MAK\\crud\\controllers\\customerController.js:42:21)\n    at Layer.handle [as handle_request] (D:\\MAK\\crud\\node_modules\\express\\lib\\router\\layer.js:95:5)\n    at next (D:\\MAK\\crud\\node_modules\\express\\lib\\router\\route.js:137:13)\n    at Route.dispatch (D:\\MAK\\crud\\node_modules\\express\\lib\\router\\route.js:112:3)\n    at Layer.handle [as handle_request] (D:\\MAK\\crud\\node_modules\\express\\lib\\router\\layer.js:95:5)\n    at D:\\MAK\\crud\\node_modules\\express\\lib\\router\\index.js:281:22\n    at param (D:\\MAK\\crud\\node_modules\\express\\lib\\router\\index.js:354:14)\n    at param (D:\\MAK\\crud\\node_modules\\express\\lib\\router\\index.js:365:14)\n    at Function.process_params (D:\\MAK\\crud\\node_modules\\express\\lib\\router\\index.js:410:3)\n    at next (D:\\MAK\\crud\\node_modules\\express\\lib\\router\\index.js:275:10)\n    at Function.handle (D:\\MAK\\crud\\node_modules\\express\\lib\\router\\index.js:174:3)\n    at router (D:\\MAK\\crud\\node_modules\\express\\lib\\router\\index.js:47:12)\n    at newFn (D:\\MAK\\crud\\node_modules\\express-async-errors\\index.js:16:20)\n    at Layer.handle [as handle_request] (D:\\MAK\\crud\\node_modules\\express\\lib\\router\\layer.js:95:5)\n    at trim_prefix (D:\\MAK\\crud\\node_modules\\express\\lib\\router\\index.js:317:13)\n    at D:\\MAK\\crud\\node_modules\\express\\lib\\router\\index.js:284:7","level":"error","timestamp":"2022-02-14T13:11:17.712Z"}
{"level":"info","message":"App is listening on url http://localhost:8080","timestamp":"2022-02-14T13:11:48.857Z"}
{"level":"info","message":"MongoDb connected successfuly...","timestamp":"2022-02-14T13:11:48.873Z"}
{"level":"info","message":"App is listening on url http://localhost:8080","timestamp":"2022-02-14T13:25:56.621Z"}
{"level":"info","message":"MongoDb connected successfuly...","timestamp":"2022-02-14T13:25:56.645Z"}
{"level":"info","message":"App is listening on url http://localhost:8080","timestamp":"2022-02-14T13:28:17.812Z"}
{"level":"info","message":"MongoDb connected successfuly...","timestamp":"2022-02-14T13:28:17.826Z"}
{"level":"info","message":"App is listening on url http://localhost:8080","timestamp":"2022-02-14T13:30:20.479Z"}
{"level":"info","message":"MongoDb connected successfuly...","timestamp":"2022-02-14T13:30:20.495Z"}
{"level":"info","message":"App is listening on url http://localhost:8080","timestamp":"2022-02-14T13:34:57.997Z"}
{"level":"info","message":"MongoDb connected successfuly...","timestamp":"2022-02-14T13:34:58.015Z"}
{"level":"info","message":"App is listening on url http://localhost:8080","timestamp":"2022-02-14T13:36:36.677Z"}
{"level":"info","message":"MongoDb connected successfuly...","timestamp":"2022-02-14T13:36:36.693Z"}
{"level":"info","message":"App is listening on url http://localhost:8080","timestamp":"2022-02-14T13:36:51.596Z"}
{"level":"info","message":"MongoDb connected successfuly...","timestamp":"2022-02-14T13:36:51.611Z"}
{"level":"info","message":"App is listening on url http://localhost:8080","timestamp":"2022-02-14T13:37:08.114Z"}
{"level":"info","message":"MongoDb connected successfuly...","timestamp":"2022-02-14T13:37:08.129Z"}
{"level":"info","message":"App is listening on url http://localhost:8080","timestamp":"2022-02-14T13:37:34.694Z"}
{"level":"info","message":"MongoDb connected successfuly...","timestamp":"2022-02-14T13:37:34.711Z"}
{"level":"info","message":"App is listening on url http://localhost:8080","timestamp":"2022-02-14T13:45:51.117Z"}
{"level":"info","message":"MongoDb connected successfuly...","timestamp":"2022-02-14T13:45:51.133Z"}
{"level":"info","message":"App is listening on url http://localhost:8080","timestamp":"2022-02-14T13:46:12.207Z"}
{"level":"info","message":"MongoDb connected successfuly...","timestamp":"2022-02-14T13:46:12.224Z"}
{"level":"info","message":"App is listening on url http://localhost:8080","timestamp":"2022-02-14T13:49:44.539Z"}
{"level":"info","message":"MongoDb connected successfuly...","timestamp":"2022-02-14T13:49:44.556Z"}
{"level":"info","message":"App is listening on url http://localhost:8080","timestamp":"2022-02-14T13:58:15.698Z"}
{"level":"info","message":"MongoDb connected successfuly...","timestamp":"2022-02-14T13:58:15.713Z"}
{"level":"info","message":"App is listening on url http://localhost:8080","timestamp":"2022-02-14T14:15:08.119Z"}
{"level":"info","message":"MongoDb connected successfuly...","timestamp":"2022-02-14T14:15:08.134Z"}
{"level":"info","message":"App is listening on url http://localhost:8080","timestamp":"2022-02-14T14:17:52.757Z"}
{"level":"info","message":"MongoDb connected successfuly...","timestamp":"2022-02-14T14:17:52.772Z"}
{"level":"info","message":"App is listening on url http://localhost:8080","timestamp":"2022-02-14T14:18:07.788Z"}
{"level":"info","message":"MongoDb connected successfuly...","timestamp":"2022-02-14T14:18:07.811Z"}
{"level":"info","message":"App is listening on url http://localhost:8080","timestamp":"2022-02-14T14:18:52.453Z"}
{"level":"info","message":"MongoDb connected successfuly...","timestamp":"2022-02-14T14:18:52.472Z"}
{"level":"info","message":"App is listening on url http://localhost:8080","timestamp":"2022-02-14T14:31:05.435Z"}
{"level":"info","message":"MongoDb connected successfuly...","timestamp":"2022-02-14T14:31:08.541Z"}
{"message":"D:\\MAK\\crud\\views\\customerlist.ejs:41\n    39|                         <td><%= sub.channel %></td>\n    40|                         <td>\n >> 41|                             <a href=\"/updateCustomer/<%= customer._id %>\" class=\"btn btn-sm btn-warning\"><i class=\"fa fa-edit\"></i></a>\n    42|                             <a href=\"/deleteCustomer/<%= customer._id %>\" class=\"btn btn-sm btn-danger\"><i class=\"fa fa-trash\"></i></a>\n    43|                         </td>\n    44|                     </tr>\n\ncustomer is not defined","stack":"ReferenceError: D:\\MAK\\crud\\views\\customerlist.ejs:41\n    39|                         <td><%= sub.channel %></td>\n    40|                         <td>\n >> 41|                             <a href=\"/updateCustomer/<%= customer._id %>\" class=\"btn btn-sm btn-warning\"><i class=\"fa fa-edit\"></i></a>\n    42|                             <a href=\"/deleteCustomer/<%= customer._id %>\" class=\"btn btn-sm btn-danger\"><i class=\"fa fa-trash\"></i></a>\n    43|                         </td>\n    44|                     </tr>\n\ncustomer is not defined\n    at eval (D:\\MAK\\crud\\views\\customerlist.ejs:42:26)\n    at customerlist (D:\\MAK\\crud\\node_modules\\ejs\\lib\\ejs.js:691:17)\n    at tryHandleCache (D:\\MAK\\crud\\node_modules\\ejs\\lib\\ejs.js:272:36)\n    at View.exports.renderFile [as engine] (D:\\MAK\\crud\\node_modules\\ejs\\lib\\ejs.js:489:10)\n    at View.render (D:\\MAK\\crud\\node_modules\\express\\lib\\view.js:135:8)\n    at tryRender (D:\\MAK\\crud\\node_modules\\express\\lib\\application.js:640:10)\n    at Function.render (D:\\MAK\\crud\\node_modules\\express\\lib\\application.js:592:3)\n    at ServerResponse.render (D:\\MAK\\crud\\node_modules\\express\\lib\\response.js:1012:7)\n    at ServerResponse.res.render (D:\\MAK\\crud\\node_modules\\express-ejs-layouts\\lib\\express-layouts.js:77:18)\n    at getAllCustomers (D:\\MAK\\crud\\controllers\\customerController.js:5:9)\n    at processTicksAndRejections (node:internal/process/task_queues:96:5)","path":"D:\\MAK\\crud\\views\\customerlist.ejs","level":"error","timestamp":"2022-02-14T14:31:15.807Z"}
{"message":"D:\\MAK\\crud\\views\\customerlist.ejs:41\n    39|                         <td><%= sub.channel %></td>\n    40|                         <td>\n >> 41|                             <a href=\"/updateCustomer/<%= customer._id %>\" class=\"btn btn-sm btn-warning\"><i class=\"fa fa-edit\"></i></a>\n    42|                             <a href=\"/deleteCustomer/<%= customer._id %>\" class=\"btn btn-sm btn-danger\"><i class=\"fa fa-trash\"></i></a>\n    43|                         </td>\n    44|                     </tr>\n\ncustomer is not defined","stack":"ReferenceError: D:\\MAK\\crud\\views\\customerlist.ejs:41\n    39|                         <td><%= sub.channel %></td>\n    40|                         <td>\n >> 41|                             <a href=\"/updateCustomer/<%= customer._id %>\" class=\"btn btn-sm btn-warning\"><i class=\"fa fa-edit\"></i></a>\n    42|                             <a href=\"/deleteCustomer/<%= customer._id %>\" class=\"btn btn-sm btn-danger\"><i class=\"fa fa-trash\"></i></a>\n    43|                         </td>\n    44|                     </tr>\n\ncustomer is not defined\n    at eval (D:\\MAK\\crud\\views\\customerlist.ejs:42:26)\n    at customerlist (D:\\MAK\\crud\\node_modules\\ejs\\lib\\ejs.js:691:17)\n    at tryHandleCache (D:\\MAK\\crud\\node_modules\\ejs\\lib\\ejs.js:272:36)\n    at View.exports.renderFile [as engine] (D:\\MAK\\crud\\node_modules\\ejs\\lib\\ejs.js:489:10)\n    at View.render (D:\\MAK\\crud\\node_modules\\express\\lib\\view.js:135:8)\n    at tryRender (D:\\MAK\\crud\\node_modules\\express\\lib\\application.js:640:10)\n    at Function.render (D:\\MAK\\crud\\node_modules\\express\\lib\\application.js:592:3)\n    at ServerResponse.render (D:\\MAK\\crud\\node_modules\\express\\lib\\response.js:1012:7)\n    at ServerResponse.res.render (D:\\MAK\\crud\\node_modules\\express-ejs-layouts\\lib\\express-layouts.js:77:18)\n    at getAllCustomers (D:\\MAK\\crud\\controllers\\customerController.js:5:9)\n    at processTicksAndRejections (node:internal/process/task_queues:96:5)","path":"D:\\MAK\\crud\\views\\customerlist.ejs","level":"error","timestamp":"2022-02-14T14:32:49.696Z"}
{"level":"info","message":"App is listening on url http://localhost:8080","timestamp":"2022-02-14T14:32:52.648Z"}
{"level":"info","message":"MongoDb connected successfuly...","timestamp":"2022-02-14T14:32:55.734Z"}
{"level":"info","message":"App is listening on url http://localhost:8080","timestamp":"2022-02-14T14:36:49.757Z"}
{"level":"info","message":"MongoDb connected successfuly...","timestamp":"2022-02-14T14:36:52.878Z"}
{"level":"info","message":"App is listening on url http://localhost:8080","timestamp":"2022-02-14T14:37:12.734Z"}
{"level":"info","message":"MongoDb connected successfuly...","timestamp":"2022-02-14T14:37:15.808Z"}
{"level":"info","message":"App is listening on url http://localhost:8080","timestamp":"2022-02-14T14:38:29.258Z"}
{"level":"info","message":"MongoDb connected successfuly...","timestamp":"2022-02-14T14:38:32.410Z"}
{"level":"info","message":"App is listening on url http://localhost:8080","timestamp":"2022-02-14T14:47:51.496Z"}
{"level":"info","message":"MongoDb connected successfuly...","timestamp":"2022-02-14T14:47:54.619Z"}
{"level":"info","message":"App is listening on url http://localhost:8080","timestamp":"2022-02-14T14:48:16.730Z"}
{"level":"info","message":"MongoDb connected successfuly...","timestamp":"2022-02-14T14:48:19.645Z"}
{"level":"info","message":"App is listening on url http://localhost:8080","timestamp":"2022-02-14T14:50:56.608Z"}
{"level":"info","message":"MongoDb connected successfuly...","timestamp":"2022-02-14T14:50:59.690Z"}
{"level":"info","message":"App is listening on url http://localhost:8080","timestamp":"2022-02-14T14:52:51.954Z"}
{"level":"info","message":"MongoDb connected successfuly...","timestamp":"2022-02-14T14:52:54.974Z"}
{"level":"info","message":"App is listening on url http://localhost:8080","timestamp":"2022-02-14T14:53:50.266Z"}
{"level":"info","message":"MongoDb connected successfuly...","timestamp":"2022-02-14T14:53:53.309Z"}
{"level":"info","message":"App is listening on url http://localhost:8080","timestamp":"2022-02-14T14:54:38.330Z"}
{"level":"info","message":"MongoDb connected successfuly...","timestamp":"2022-02-14T14:54:41.430Z"}
{"level":"info","message":"App is listening on url http://localhost:8080","timestamp":"2022-02-14T14:54:55.477Z"}
{"level":"info","message":"MongoDb connected successfuly...","timestamp":"2022-02-14T14:54:58.622Z"}
{"level":"info","message":"App is listening on url http://localhost:8080","timestamp":"2022-02-14T14:56:26.468Z"}
{"level":"info","message":"MongoDb connected successfuly...","timestamp":"2022-02-14T14:56:29.468Z"}
{"level":"info","message":"App is listening on url http://localhost:8080","timestamp":"2022-02-14T14:57:17.640Z"}
{"level":"info","message":"MongoDb connected successfuly...","timestamp":"2022-02-14T14:57:20.645Z"}
{"level":"info","message":"App is listening on url http://localhost:8080","timestamp":"2022-02-14T14:57:42.688Z"}
{"level":"info","message":"MongoDb connected successfuly...","timestamp":"2022-02-14T14:57:45.834Z"}
{"level":"info","message":"App is listening on url http://localhost:8080","timestamp":"2022-02-14T14:58:31.191Z"}
{"level":"info","message":"MongoDb connected successfuly...","timestamp":"2022-02-14T14:58:34.203Z"}
{"level":"info","message":"App is listening on url http://localhost:8080","timestamp":"2022-02-14T15:00:07.295Z"}
{"level":"info","message":"MongoDb connected successfuly...","timestamp":"2022-02-14T15:00:10.461Z"}
{"level":"info","message":"App is listening on url http://localhost:8080","timestamp":"2022-02-14T15:04:20.887Z"}
{"level":"info","message":"MongoDb connected successfuly...","timestamp":"2022-02-14T15:04:23.932Z"}
{"message":"D:\\MAK\\crud\\views\\customerlist.ejs:32\n    30|             <tbody>\n    31|                 <% if(customers.length > 0) { %>\n >> 32|                     <% for(let sub of customers) { %>\n    33|                     <tr>\n    34|                     \n    35|                         <td><%= sub.timestamp %></td>\n\ncustomers is not iterable","stack":"TypeError: D:\\MAK\\crud\\views\\customerlist.ejs:32\n    30|             <tbody>\n    31|                 <% if(customers.length > 0) { %>\n >> 32|                     <% for(let sub of customers) { %>\n    33|                     <tr>\n    34|                     \n    35|                         <td><%= sub.timestamp %></td>\n\ncustomers is not iterable\n    at eval (D:\\MAK\\crud\\views\\customerlist.ejs:15:23)\n    at customerlist (D:\\MAK\\crud\\node_modules\\ejs\\lib\\ejs.js:691:17)\n    at tryHandleCache (D:\\MAK\\crud\\node_modules\\ejs\\lib\\ejs.js:272:36)\n    at View.exports.renderFile [as engine] (D:\\MAK\\crud\\node_modules\\ejs\\lib\\ejs.js:489:10)\n    at View.render (D:\\MAK\\crud\\node_modules\\express\\lib\\view.js:135:8)\n    at tryRender (D:\\MAK\\crud\\node_modules\\express\\lib\\application.js:640:10)\n    at Function.render (D:\\MAK\\crud\\node_modules\\express\\lib\\application.js:592:3)\n    at ServerResponse.render (D:\\MAK\\crud\\node_modules\\express\\lib\\response.js:1012:7)\n    at ServerResponse.res.render (D:\\MAK\\crud\\node_modules\\express-ejs-layouts\\lib\\express-layouts.js:77:18)\n    at getAllCustomers (D:\\MAK\\crud\\controllers\\customerController.js:5:9)","path":"D:\\MAK\\crud\\views\\customerlist.ejs","level":"error","timestamp":"2022-02-14T15:04:30.778Z"}
{"level":"info","message":"App is listening on url http://localhost:8080","timestamp":"2022-02-14T15:04:44.686Z"}
{"message":"D:\\MAK\\crud\\views\\customerlist.ejs:32\n    30|             <tbody>\n    31|                 <% if(customers.length > 0) { %>\n >> 32|                     <% for(let sub of customers) { %>\n    33|                     <tr>\n    34|                     \n    35|                         <td><%= sub.timestamp %></td>\n\ncustomers is not iterable","stack":"TypeError: D:\\MAK\\crud\\views\\customerlist.ejs:32\n    30|             <tbody>\n    31|                 <% if(customers.length > 0) { %>\n >> 32|                     <% for(let sub of customers) { %>\n    33|                     <tr>\n    34|                     \n    35|                         <td><%= sub.timestamp %></td>\n\ncustomers is not iterable\n    at eval (D:\\MAK\\crud\\views\\customerlist.ejs:15:23)\n    at customerlist (D:\\MAK\\crud\\node_modules\\ejs\\lib\\ejs.js:691:17)\n    at tryHandleCache (D:\\MAK\\crud\\node_modules\\ejs\\lib\\ejs.js:272:36)\n    at View.exports.renderFile [as engine] (D:\\MAK\\crud\\node_modules\\ejs\\lib\\ejs.js:489:10)\n    at View.render (D:\\MAK\\crud\\node_modules\\express\\lib\\view.js:135:8)\n    at tryRender (D:\\MAK\\crud\\node_modules\\express\\lib\\application.js:640:10)\n    at Function.render (D:\\MAK\\crud\\node_modules\\express\\lib\\application.js:592:3)\n    at ServerResponse.render (D:\\MAK\\crud\\node_modules\\express\\lib\\response.js:1012:7)\n    at ServerResponse.res.render (D:\\MAK\\crud\\node_modules\\express-ejs-layouts\\lib\\express-layouts.js:77:18)\n    at getAllCustomers (D:\\MAK\\crud\\controllers\\customerController.js:5:9)","path":"D:\\MAK\\crud\\views\\customerlist.ejs","level":"error","timestamp":"2022-02-14T15:04:47.230Z"}
{"level":"info","message":"MongoDb connected successfuly...","timestamp":"2022-02-14T15:04:47.720Z"}
{"message":"D:\\MAK\\crud\\views\\customerlist.ejs:32\n    30|             <tbody>\n    31|                 <% if(customers.length > 0) { %>\n >> 32|                     <% for(let sub of customers) { %>\n    33|                     <tr>\n    34|                     \n    35|                         <td><%= sub.timestamp %></td>\n\ncustomers is not iterable","stack":"TypeError: D:\\MAK\\crud\\views\\customerlist.ejs:32\n    30|             <tbody>\n    31|                 <% if(customers.length > 0) { %>\n >> 32|                     <% for(let sub of customers) { %>\n    33|                     <tr>\n    34|                     \n    35|                         <td><%= sub.timestamp %></td>\n\ncustomers is not iterable\n    at eval (D:\\MAK\\crud\\views\\customerlist.ejs:15:23)\n    at customerlist (D:\\MAK\\crud\\node_modules\\ejs\\lib\\ejs.js:691:17)\n    at tryHandleCache (D:\\MAK\\crud\\node_modules\\ejs\\lib\\ejs.js:272:36)\n    at View.exports.renderFile [as engine] (D:\\MAK\\crud\\node_modules\\ejs\\lib\\ejs.js:489:10)\n    at View.render (D:\\MAK\\crud\\node_modules\\express\\lib\\view.js:135:8)\n    at tryRender (D:\\MAK\\crud\\node_modules\\express\\lib\\application.js:640:10)\n    at Function.render (D:\\MAK\\crud\\node_modules\\express\\lib\\application.js:592:3)\n    at ServerResponse.render (D:\\MAK\\crud\\node_modules\\express\\lib\\response.js:1012:7)\n    at ServerResponse.res.render (D:\\MAK\\crud\\node_modules\\express-ejs-layouts\\lib\\express-layouts.js:77:18)\n    at getAllCustomers (D:\\MAK\\crud\\controllers\\customerController.js:5:9)","path":"D:\\MAK\\crud\\views\\customerlist.ejs","level":"error","timestamp":"2022-02-14T15:04:52.703Z"}
{"level":"info","message":"App is listening on url http://localhost:8080","timestamp":"2022-02-14T15:07:17.770Z"}
{"level":"info","message":"MongoDb connected successfuly...","timestamp":"2022-02-14T15:07:20.894Z"}
{"message":"D:\\MAK\\crud\\views\\customerlist.ejs:32\n    30|             <tbody>\n    31|                 <% if(customers.length > 0) { %>\n >> 32|                     <% for(let sub of customers) { %>\n    33|                     <tr>\n    34|                     \n    35|                         <td><%= sub.timestamp %></td>\n\ncustomers is not iterable","stack":"TypeError: D:\\MAK\\crud\\views\\customerlist.ejs:32\n    30|             <tbody>\n    31|                 <% if(customers.length > 0) { %>\n >> 32|                     <% for(let sub of customers) { %>\n    33|                     <tr>\n    34|                     \n    35|                         <td><%= sub.timestamp %></td>\n\ncustomers is not iterable\n    at eval (D:\\MAK\\crud\\views\\customerlist.ejs:15:23)\n    at customerlist (D:\\MAK\\crud\\node_modules\\ejs\\lib\\ejs.js:691:17)\n    at tryHandleCache (D:\\MAK\\crud\\node_modules\\ejs\\lib\\ejs.js:272:36)\n    at View.exports.renderFile [as engine] (D:\\MAK\\crud\\node_modules\\ejs\\lib\\ejs.js:489:10)\n    at View.render (D:\\MAK\\crud\\node_modules\\express\\lib\\view.js:135:8)\n    at tryRender (D:\\MAK\\crud\\node_modules\\express\\lib\\application.js:640:10)\n    at Function.render (D:\\MAK\\crud\\node_modules\\express\\lib\\application.js:592:3)\n    at ServerResponse.render (D:\\MAK\\crud\\node_modules\\express\\lib\\response.js:1012:7)\n    at ServerResponse.res.render (D:\\MAK\\crud\\node_modules\\express-ejs-layouts\\lib\\express-layouts.js:77:18)\n    at getAllCustomers (D:\\MAK\\crud\\controllers\\customerController.js:6:9)","path":"D:\\MAK\\crud\\views\\customerlist.ejs","level":"error","timestamp":"2022-02-14T15:07:21.187Z"}
{"level":"info","message":"App is listening on url http://localhost:8080","timestamp":"2022-02-14T15:08:25.924Z"}
{"level":"info","message":"MongoDb connected successfuly...","timestamp":"2022-02-14T15:08:29.001Z"}
{"message":"Invalid sort() argument, must be array of arrays","stack":"Error: Invalid sort() argument, must be array of arrays\n    at model.Query.Query.sort (D:\\MAK\\crud\\node_modules\\mquery\\lib\\mquery.js:1255:15)\n    at model.Query.Query.sort (D:\\MAK\\crud\\node_modules\\mongoose\\lib\\query.js:2685:26)\n    at getAllCustomers (D:\\MAK\\crud\\controllers\\customerController.js:4:44)\n    at Layer.handle [as handle_request] (D:\\MAK\\crud\\node_modules\\express\\lib\\router\\layer.js:95:5)\n    at next (D:\\MAK\\crud\\node_modules\\express\\lib\\router\\route.js:137:13)\n    at Route.dispatch (D:\\MAK\\crud\\node_modules\\express\\lib\\router\\route.js:112:3)\n    at Layer.handle [as handle_request] (D:\\MAK\\crud\\node_modules\\express\\lib\\router\\layer.js:95:5)\n    at D:\\MAK\\crud\\node_modules\\express\\lib\\router\\index.js:281:22\n    at Function.process_params (D:\\MAK\\crud\\node_modules\\express\\lib\\router\\index.js:335:12)\n    at next (D:\\MAK\\crud\\node_modules\\express\\lib\\router\\index.js:275:10)\n    at Function.handle (D:\\MAK\\crud\\node_modules\\express\\lib\\router\\index.js:174:3)\n    at router (D:\\MAK\\crud\\node_modules\\express\\lib\\router\\index.js:47:12)\n    at newFn (D:\\MAK\\crud\\node_modules\\express-async-errors\\index.js:16:20)\n    at Layer.handle [as handle_request] (D:\\MAK\\crud\\node_modules\\express\\lib\\router\\layer.js:95:5)\n    at trim_prefix (D:\\MAK\\crud\\node_modules\\express\\lib\\router\\index.js:317:13)\n    at D:\\MAK\\crud\\node_modules\\express\\lib\\router\\index.js:284:7","level":"error","timestamp":"2022-02-14T15:08:32.930Z"}
{"level":"info","message":"App is listening on url http://localhost:8080","timestamp":"2022-02-14T15:10:19.542Z"}
{"level":"info","message":"MongoDb connected successfuly...","timestamp":"2022-02-14T15:10:22.587Z"}
{"message":"D:\\MAK\\crud\\views\\customerlist.ejs:32\n    30|             <tbody>\n    31|                 <% if(customers.length > 0) { %>\n >> 32|                     <% for(let sub of customers) { %>\n    33|                     <tr>\n    34|                     \n    35|                         <td><%= sub.timestamp %></td>\n\ncustomers is not iterable","stack":"TypeError: D:\\MAK\\crud\\views\\customerlist.ejs:32\n    30|             <tbody>\n    31|                 <% if(customers.length > 0) { %>\n >> 32|                     <% for(let sub of customers) { %>\n    33|                     <tr>\n    34|                     \n    35|                         <td><%= sub.timestamp %></td>\n\ncustomers is not iterable\n    at eval (D:\\MAK\\crud\\views\\customerlist.ejs:15:23)\n    at customerlist (D:\\MAK\\crud\\node_modules\\ejs\\lib\\ejs.js:691:17)\n    at tryHandleCache (D:\\MAK\\crud\\node_modules\\ejs\\lib\\ejs.js:272:36)\n    at View.exports.renderFile [as engine] (D:\\MAK\\crud\\node_modules\\ejs\\lib\\ejs.js:489:10)\n    at View.render (D:\\MAK\\crud\\node_modules\\express\\lib\\view.js:135:8)\n    at tryRender (D:\\MAK\\crud\\node_modules\\express\\lib\\application.js:640:10)\n    at Function.render (D:\\MAK\\crud\\node_modules\\express\\lib\\application.js:592:3)\n    at ServerResponse.render (D:\\MAK\\crud\\node_modules\\express\\lib\\response.js:1012:7)\n    at ServerResponse.res.render (D:\\MAK\\crud\\node_modules\\express-ejs-layouts\\lib\\express-layouts.js:77:18)\n    at getAllCustomers (D:\\MAK\\crud\\controllers\\customerController.js:5:9)","path":"D:\\MAK\\crud\\views\\customerlist.ejs","level":"error","timestamp":"2022-02-14T15:10:23.684Z"}
{"level":"info","message":"App is listening on url http://localhost:8080","timestamp":"2022-02-14T15:12:39.974Z"}
{"level":"info","message":"MongoDb connected successfuly...","timestamp":"2022-02-14T15:12:42.977Z"}
{"level":"info","message":"App is listening on url http://localhost:8080","timestamp":"2022-02-14T15:16:00.583Z"}
{"level":"info","message":"MongoDb connected successfuly...","timestamp":"2022-02-14T15:16:03.601Z"}
{"message":"all() must be used after where() when called with these arguments","stack":"Error: all() must be used after where() when called with these arguments\n    at model.Query.Query._ensurePath (D:\\MAK\\crud\\node_modules\\mquery\\lib\\mquery.js:3180:11)\n    at model.Query.Query.<computed> [as all] (D:\\MAK\\crud\\node_modules\\mquery\\lib\\mquery.js:560:12)\n    at getAllCustomers (D:\\MAK\\crud\\controllers\\customerController.js:4:47)\n    at Layer.handle [as handle_request] (D:\\MAK\\crud\\node_modules\\express\\lib\\router\\layer.js:95:5)\n    at next (D:\\MAK\\crud\\node_modules\\express\\lib\\router\\route.js:137:13)\n    at Route.dispatch (D:\\MAK\\crud\\node_modules\\express\\lib\\router\\route.js:112:3)\n    at Layer.handle [as handle_request] (D:\\MAK\\crud\\node_modules\\express\\lib\\router\\layer.js:95:5)\n    at D:\\MAK\\crud\\node_modules\\express\\lib\\router\\index.js:281:22\n    at Function.process_params (D:\\MAK\\crud\\node_modules\\express\\lib\\router\\index.js:335:12)\n    at next (D:\\MAK\\crud\\node_modules\\express\\lib\\router\\index.js:275:10)\n    at Function.handle (D:\\MAK\\crud\\node_modules\\express\\lib\\router\\index.js:174:3)\n    at router (D:\\MAK\\crud\\node_modules\\express\\lib\\router\\index.js:47:12)\n    at newFn (D:\\MAK\\crud\\node_modules\\express-async-errors\\index.js:16:20)\n    at Layer.handle [as handle_request] (D:\\MAK\\crud\\node_modules\\express\\lib\\router\\layer.js:95:5)\n    at trim_prefix (D:\\MAK\\crud\\node_modules\\express\\lib\\router\\index.js:317:13)\n    at D:\\MAK\\crud\\node_modules\\express\\lib\\router\\index.js:284:7","level":"error","timestamp":"2022-02-14T15:16:09.131Z"}
{"level":"info","message":"App is listening on url http://localhost:8080","timestamp":"2022-02-14T15:16:59.475Z"}
{"level":"info","message":"MongoDb connected successfuly...","timestamp":"2022-02-14T15:17:02.621Z"}
{"level":"info","message":"App is listening on url http://localhost:8080","timestamp":"2022-02-14T15:19:52.451Z"}
{"message":"err is not defined","stack":"ReferenceError: err is not defined\n    at getAllCustomers (D:\\MAK\\crud\\controllers\\customerController.js:4:5)\n    at Layer.handle [as handle_request] (D:\\MAK\\crud\\node_modules\\express\\lib\\router\\layer.js:95:5)\n    at next (D:\\MAK\\crud\\node_modules\\express\\lib\\router\\route.js:137:13)\n    at Route.dispatch (D:\\MAK\\crud\\node_modules\\express\\lib\\router\\route.js:112:3)\n    at Layer.handle [as handle_request] (D:\\MAK\\crud\\node_modules\\express\\lib\\router\\layer.js:95:5)\n    at D:\\MAK\\crud\\node_modules\\express\\lib\\router\\index.js:281:22\n    at Function.process_params (D:\\MAK\\crud\\node_modules\\express\\lib\\router\\index.js:335:12)\n    at next (D:\\MAK\\crud\\node_modules\\express\\lib\\router\\index.js:275:10)\n    at Function.handle (D:\\MAK\\crud\\node_modules\\express\\lib\\router\\index.js:174:3)\n    at router (D:\\MAK\\crud\\node_modules\\express\\lib\\router\\index.js:47:12)\n    at newFn (D:\\MAK\\crud\\node_modules\\express-async-errors\\index.js:16:20)\n    at Layer.handle [as handle_request] (D:\\MAK\\crud\\node_modules\\express\\lib\\router\\layer.js:95:5)\n    at trim_prefix (D:\\MAK\\crud\\node_modules\\express\\lib\\router\\index.js:317:13)\n    at D:\\MAK\\crud\\node_modules\\express\\lib\\router\\index.js:284:7\n    at Function.process_params (D:\\MAK\\crud\\node_modules\\express\\lib\\router\\index.js:335:12)\n    at next (D:\\MAK\\crud\\node_modules\\express\\lib\\router\\index.js:275:10)","level":"error","timestamp":"2022-02-14T15:19:54.621Z"}
{"level":"info","message":"App is listening on url http://localhost:8080","timestamp":"2022-02-14T15:20:12.800Z"}
{"level":"info","message":"MongoDb connected successfuly...","timestamp":"2022-02-14T15:20:15.896Z"}
{"level":"info","message":"App is listening on url http://localhost:8080","timestamp":"2022-02-14T15:24:00.515Z"}
{"level":"info","message":"MongoDb connected successfuly...","timestamp":"2022-02-14T15:24:03.534Z"}
{"level":"info","message":"App is listening on url http://localhost:8080","timestamp":"2022-02-14T16:21:25.638Z"}
{"level":"info","message":"MongoDb connected successfuly...","timestamp":"2022-02-14T16:21:28.715Z"}
{"level":"info","message":"App is listening on url http://localhost:8080","timestamp":"2022-02-14T16:28:24.302Z"}
{"level":"info","message":"MongoDb connected successfuly...","timestamp":"2022-02-14T16:28:27.362Z"}
{"level":"info","message":"App is listening on url http://localhost:8080","timestamp":"2022-02-14T16:29:34.999Z"}
{"level":"info","message":"MongoDb connected successfuly...","timestamp":"2022-02-14T16:29:37.972Z"}
{"level":"info","message":"App is listening on url http://localhost:8080","timestamp":"2022-02-14T17:46:15.680Z"}
{"level":"info","message":"MongoDb connected successfuly...","timestamp":"2022-02-14T17:46:18.691Z"}
{"level":"info","message":"App is listening on url http://localhost:8080","timestamp":"2022-02-14T17:50:21.968Z"}
{"message":"Load balancer mode requires driver version 4+","stack":"MongoParseError: Load balancer mode requires driver version 4+\n    at QueryReqWrap.callback (D:\\MAK\\crud\\node_modules\\mongodb\\lib\\core\\uri_parser.js:111:27)\n    at QueryReqWrap.onresolve [as oncomplete] (node:dns:215:10)","name":"MongoParseError","level":"error","timestamp":"2022-02-14T17:50:21.996Z"}
{"level":"info","message":"App is listening on url http://localhost:8080","timestamp":"2022-02-14T17:51:23.029Z"}
{"message":"Load balancer mode requires driver version 4+","stack":"MongoParseError: Load balancer mode requires driver version 4+\n    at QueryReqWrap.callback (D:\\MAK\\crud\\node_modules\\mongodb\\lib\\core\\uri_parser.js:111:27)\n    at QueryReqWrap.onresolve [as oncomplete] (node:dns:215:10)","name":"MongoParseError","level":"error","timestamp":"2022-02-14T17:51:23.066Z"}
